2014-04-02T19:45:05.523Z - info: Connected to "IEPA_Database" database
2014-04-02T20:00:04.642Z - info: Message sent: 250 2.0.0 OK 1396468797 ps9sm7539625vdb.7 - gsmtp
2014-04-02T20:00:05.652Z - info: Message sent: 250 2.0.0 OK 1396468798 u3sm7518034vdb.13 - gsmtp
2014-04-02T20:00:06.574Z - info: Message sent: 250 2.0.0 OK 1396468798 xi5sm7526550vdc.11 - gsmtp
2014-04-02T20:00:07.392Z - info: Message sent: 250 2.0.0 OK 1396468799 us17sm7502555vdb.19 - gsmtp
2014-04-02T20:00:09.681Z - info: Message sent: 250 2.0.0 OK 1396468802 ps9sm7539625vdb.7 - gsmtp
2014-04-02T20:00:10.866Z - info: Message sent: 250 2.0.0 OK 1396468803 u3sm7518034vdb.13 - gsmtp
2014-04-02T20:00:12.189Z - info: Message sent: 250 2.0.0 OK 1396468804 l4sm3229947vdb.3 - gsmtp
2014-04-02T20:00:13.071Z - info: Message sent: 250 2.0.0 OK 1396468805 xi5sm7526550vdc.11 - gsmtp
2014-04-02T20:00:13.853Z - info: Message sent: 250 2.0.0 OK 1396468806 us17sm7502555vdb.19 - gsmtp
2014-04-02T20:00:15.476Z - info: Message sent: 250 2.0.0 OK 1396468807 ps9sm7539625vdb.7 - gsmtp
2014-04-02T20:00:16.796Z - info: Message sent: 250 2.0.0 OK 1396468809 u3sm7518034vdb.13 - gsmtp
2014-04-02T20:00:18.030Z - info: Message sent: 250 2.0.0 OK 1396468810 l4sm3229947vdb.3 - gsmtp
2014-04-02T20:00:18.792Z - info: Message sent: 250 2.0.0 OK 1396468811 xi5sm7526550vdc.11 - gsmtp
2014-04-02T20:00:20.179Z - info: Message sent: 250 2.0.0 OK 1396468812 us17sm7502555vdb.19 - gsmtp
2014-04-02T20:00:21.167Z - info: Message sent: 250 2.0.0 OK 1396468813 ps9sm7539625vdb.7 - gsmtp
2014-04-02T20:00:23.810Z - info: Message sent: 250 2.0.0 OK 1396468816 l4sm3229947vdb.3 - gsmtp
2014-04-02T20:00:24.751Z - info: Message sent: 250 2.0.0 OK 1396468817 u3sm7518034vdb.13 - gsmtp
2014-04-02T20:00:25.572Z - info: Message sent: 250 2.0.0 OK 1396468818 xi5sm7526550vdc.11 - gsmtp
2014-04-02T20:00:28.561Z - info: Message sent: 250 2.0.0 OK 1396468821 us17sm7502555vdb.19 - gsmtp
2014-04-02T20:00:29.746Z - info: Message sent: 250 2.0.0 OK 1396468822 ps9sm7539625vdb.7 - gsmtp
2014-04-02T20:00:30.479Z - info: Message sent: 250 2.0.0 OK 1396468822 l4sm3229947vdb.3 - gsmtp
2014-04-02T20:00:31.417Z - info: Message sent: 250 2.0.0 OK 1396468823 u3sm7518034vdb.13 - gsmtp
2014-04-02T20:00:32.791Z - info: Message sent: 250 2.0.0 OK 1396468825 xi5sm7526550vdc.11 - gsmtp
2014-04-02T20:00:34.304Z - info: Message sent: 250 2.0.0 OK 1396468826 us17sm7502555vdb.19 - gsmtp
2014-04-02T20:00:35.166Z - info: Message sent: 250 2.0.0 OK 1396468827 ps9sm7539625vdb.7 - gsmtp
2014-04-02T20:03:08.929Z - info: Connected to "IEPA_Database" database
2014-04-02T20:05:02.524Z - info: Message sent: 250 2.0.0 OK 1396469094 un13sm7560268vdb.10 - gsmtp
2014-04-02T20:05:02.767Z - info: Message sent: 250 2.0.0 OK 1396469095 iu10sm7583776vdb.4 - gsmtp
2014-04-03T18:07:30.499Z - info: Connected to "IEPA_Database" database
2014-04-03T18:09:09.594Z - info: Connected to "IEPA_Database" database
2014-04-03T18:10:19.583Z - info: Connected to "IEPA_Database" database
2014-04-03T18:11:53.048Z - info: Connected to "IEPA_Database" database
2014-04-03T18:12:35.024Z - info: Connected to "IEPA_Database" database
2014-04-03T18:13:51.013Z - info: Connected to "IEPA_Database" database
2014-04-03T18:22:21.713Z - info: Connected to "IEPA_Database" database
2014-04-03T18:22:52.581Z - info: Connected to "IEPA_Database" database
2014-04-03T18:24:28.722Z - info: Connected to "IEPA_Database" database
2014-04-03T18:25:06.042Z - info: Connected to "IEPA_Database" database
2014-04-03T18:25:25.065Z - info: Connected to "IEPA_Database" database
2014-04-03T18:25:38.613Z - info: Connected to "IEPA_Database" database
2014-04-03T18:27:35.673Z - info: Connected to "IEPA_Database" database
2014-04-03T18:28:08.965Z - info: Connected to "IEPA_Database" database
2014-04-03T18:29:09.279Z - info: Connected to "IEPA_Database" database
2014-04-03T18:30:56.372Z - info: Connected to "IEPA_Database" database
2014-04-03T18:31:52.115Z - info: Connected to "IEPA_Database" database
2014-04-03T20:19:01.094Z - info: Connected to "IEPA_Database" database
2014-04-03T21:43:11.589Z - info: Connected to "IEPA_Database" database
2014-04-03T21:52:21.711Z - info: Connected to "IEPA_Database" database
2014-04-03T21:53:01.373Z - info: Connected to "IEPA_Database" database
2014-04-03T21:53:18.144Z - info: Connected to "IEPA_Database" database
2014-04-03T21:54:30.257Z - info: Connected to "IEPA_Database" database
2014-04-03T21:55:03.336Z - info: Connected to "IEPA_Database" database
2014-04-03T21:55:43.268Z - info: Connected to "IEPA_Database" database
2014-04-03T22:21:20.252Z - info: Connected to "IEPA_Database" database
2014-04-03T22:24:07.777Z - info: Connected to "IEPA_Database" database
2014-04-03T22:33:51.871Z - info: Connected to "IEPA_Database" database
2014-04-03T22:34:27.913Z - info: Connected to "IEPA_Database" database
2014-04-03T22:34:54.429Z - info: Connected to "IEPA_Database" database
2014-04-03T22:38:20.775Z - info: Connected to "IEPA_Database" database
2014-04-03T22:38:56.384Z - info: Connected to "IEPA_Database" database
2014-04-03T22:41:06.564Z - info: Connected to "IEPA_Database" database
2014-04-03T22:45:34.245Z - info: Connected to "IEPA_Database" database
2014-04-03T22:46:59.768Z - info: Connected to "IEPA_Database" database
2014-04-03T22:47:35.219Z - info: Connected to "IEPA_Database" database
2014-04-03T22:48:37.789Z - info: Connected to "IEPA_Database" database
2014-04-03T22:50:02.060Z - info: Connected to "IEPA_Database" database
2014-04-03T22:50:40.004Z - info: Connected to "IEPA_Database" database
2014-04-03T22:54:18.488Z - info: Connected to "IEPA_Database" database
2014-04-03T22:57:55.872Z - info: Connected to "IEPA_Database" database
2014-04-03T22:58:28.560Z - info: Connected to "IEPA_Database" database
2014-04-03T22:59:41.118Z - info: Connected to "IEPA_Database" database
2014-04-03T23:00:15.388Z - info: Connected to "IEPA_Database" database
2014-04-03T23:01:07.642Z - info: Connected to "IEPA_Database" database
2014-04-03T23:02:26.696Z - info: Connected to "IEPA_Database" database
2014-04-03T23:02:49.398Z - info: Connected to "IEPA_Database" database
2014-04-03T23:03:15.940Z - info: Connected to "IEPA_Database" database
2014-04-03T23:03:49.141Z - info: Connected to "IEPA_Database" database
2014-04-03T23:05:07.116Z - info: Connected to "IEPA_Database" database
2014-04-03T23:06:05.180Z - info: Connected to "IEPA_Database" database
2014-04-03T23:07:50.156Z - info: Connected to "IEPA_Database" database
2014-04-03T23:11:36.469Z - info: Connected to "IEPA_Database" database
2014-04-03T23:12:43.205Z - info: Connected to "IEPA_Database" database
2014-04-03T23:13:48.124Z - info: Connected to "IEPA_Database" database
2014-04-03T23:16:52.879Z - info: Connected to "IEPA_Database" database
2014-04-03T23:19:04.523Z - info: Connected to "IEPA_Database" database
2014-04-03T23:19:38.490Z - info: Connected to "IEPA_Database" database
2014-04-03T23:20:01.769Z - info: Connected to "IEPA_Database" database
2014-04-03T23:20:53.340Z - info: Connected to "IEPA_Database" database
2014-04-03T23:21:31.677Z - info: Connected to "IEPA_Database" database
2014-04-03T23:32:42.826Z - info: Connected to "IEPA_Database" database
2014-04-08T17:50:54.059Z - info: Connected to "IEPA_Database" database
2014-04-08T20:53:45.293Z - info: Connected to "IEPA_Database" database
2014-04-08T20:54:40.566Z - info: Connected to "IEPA_Database" database
2014-04-08T20:55:04.625Z - info: Connected to "IEPA_Database" database
2014-04-08T20:56:20.292Z - info: Connected to "IEPA_Database" database
2014-04-08T20:58:00.973Z - info: Connected to "IEPA_Database" database
2014-04-08T21:06:05.124Z - info: Connected to "IEPA_Database" database
2014-04-08T21:19:31.586Z - info: Connected to "IEPA_Database" database
2014-04-08T21:21:19.030Z - info: Connected to "IEPA_Database" database
2014-04-08T21:21:34.970Z - info: Connected to "IEPA_Database" database
2014-04-08T21:24:23.542Z - info: Connected to "IEPA_Database" database
2014-04-08T21:31:59.058Z - info: Connected to "IEPA_Database" database
2014-04-08T21:33:49.390Z - info: Connected to "IEPA_Database" database
2014-04-08T21:34:11.361Z - info: Connected to "IEPA_Database" database
2014-04-08T21:35:04.414Z - info: Connected to "IEPA_Database" database
2014-04-08T21:35:51.331Z - info: Connected to "IEPA_Database" database
2014-04-08T21:38:02.867Z - info: Connected to "IEPA_Database" database
2014-04-08T21:38:33.970Z - info: Connected to "IEPA_Database" database
2014-04-08T23:09:16.840Z - info: Connected to "IEPA_Database" database
2014-04-08T23:09:35.787Z - info: Connected to "IEPA_Database" database
2014-04-08T23:11:10.374Z - info: Connected to "IEPA_Database" database
2014-04-08T23:16:44.601Z - info: Connected to "IEPA_Database" database
2014-04-08T23:17:34.351Z - info: Connected to "IEPA_Database" database
2014-04-08T23:18:02.458Z - info: Connected to "IEPA_Database" database
2014-04-08T23:20:02.086Z - info: Connected to "IEPA_Database" database
2014-04-08T23:21:23.962Z - info: Connected to "IEPA_Database" database
2014-04-08T23:22:28.276Z - info: Connected to "IEPA_Database" database
2014-04-08T23:22:55.408Z - info: Connected to "IEPA_Database" database
2014-04-08T23:24:18.639Z - info: Connected to "IEPA_Database" database
2014-04-08T23:28:11.009Z - info: Connected to "IEPA_Database" database
2014-04-08T23:31:02.751Z - info: Connected to "IEPA_Database" database
2014-04-08T23:31:51.838Z - info: Connected to "IEPA_Database" database
2014-04-08T23:32:16.258Z - info: Connected to "IEPA_Database" database
2014-04-08T23:32:46.157Z - info: Connected to "IEPA_Database" database
2014-04-08T23:33:04.923Z - info: Connected to "IEPA_Database" database
2014-04-08T23:34:41.522Z - info: Connected to "IEPA_Database" database
2014-04-08T23:35:36.075Z - info: Connected to "IEPA_Database" database
2014-04-08T23:36:05.235Z - info: Connected to "IEPA_Database" database
2014-04-08T23:36:45.046Z - info: Connected to "IEPA_Database" database
2014-04-08T23:37:20.379Z - info: Connected to "IEPA_Database" database
2014-04-08T23:39:15.932Z - info: Connected to "IEPA_Database" database
2014-04-08T23:40:52.080Z - info: Connected to "IEPA_Database" database
2014-04-08T23:41:32.797Z - info: Connected to "IEPA_Database" database
2014-04-08T23:42:14.546Z - info: Connected to "IEPA_Database" database
2014-04-08T23:45:31.886Z - info: Connected to "IEPA_Database" database
2014-04-09T15:12:00.422Z - info: Connected to "IEPA_Database" database
2014-04-09T15:13:42.581Z - info: Connected to "IEPA_Database" database
2014-04-09T15:15:41.273Z - info: Connected to "IEPA_Database" database
2014-04-09T15:16:29.670Z - info: Connected to "IEPA_Database" database
2014-04-09T15:18:17.155Z - info: Connected to "IEPA_Database" database
2014-04-09T15:20:37.261Z - info: Connected to "IEPA_Database" database
2014-04-09T15:23:17.339Z - info: Connected to "IEPA_Database" database
2014-04-09T15:24:16.684Z - info: Connected to "IEPA_Database" database
2014-04-09T15:26:27.362Z - info: Connected to "IEPA_Database" database
2014-04-09T15:27:28.286Z - info: Connected to "IEPA_Database" database
2014-04-09T15:29:01.451Z - info: Connected to "IEPA_Database" database
2014-04-09T15:30:15.291Z - info: Connected to "IEPA_Database" database
2014-04-09T15:32:30.115Z - info: Connected to "IEPA_Database" database
2014-04-09T15:35:24.759Z - info: Connected to "IEPA_Database" database
2014-04-09T15:35:54.450Z - info: Connected to "IEPA_Database" database
2014-04-09T15:38:53.328Z - info: Connected to "IEPA_Database" database
2014-04-09T15:40:32.056Z - info: Connected to "IEPA_Database" database
2014-04-09T15:41:11.583Z - info: Connected to "IEPA_Database" database
2014-04-09T15:42:12.273Z - info: Connected to "IEPA_Database" database
2014-04-09T15:42:31.174Z - info: Connected to "IEPA_Database" database
2014-04-09T16:08:52.572Z - info: Connected to "IEPA_Database" database
2014-04-09T16:09:40.273Z - info: Connected to "IEPA_Database" database
2014-04-09T16:10:20.802Z - info: Connected to "IEPA_Database" database
2014-04-09T16:10:53.323Z - info: Connected to "IEPA_Database" database
2014-04-09T16:27:30.170Z - info: Connected to "IEPA_Database" database
2014-04-09T16:29:35.931Z - info: Connected to "IEPA_Database" database
2014-04-09T16:30:15.796Z - info: Connected to "IEPA_Database" database
2014-04-09T16:30:41.456Z - info: Connected to "IEPA_Database" database
2014-04-09T16:31:07.030Z - info: Connected to "IEPA_Database" database
2014-04-09T16:31:35.670Z - info: Connected to "IEPA_Database" database
2014-04-09T16:32:26.382Z - info: Connected to "IEPA_Database" database
2014-04-09T16:44:15.977Z - info: Connected to "IEPA_Database" database
2014-04-09T16:45:04.550Z - info: Connected to "IEPA_Database" database
2014-04-09T16:48:12.014Z - info: Connected to "IEPA_Database" database
2014-04-09T16:48:32.259Z - info: Connected to "IEPA_Database" database
2014-04-09T16:49:52.195Z - info: Connected to "IEPA_Database" database
2014-04-09T17:17:32.200Z - info: Connected to "IEPA_Database" database
2014-04-09T17:18:23.772Z - info: Connected to "IEPA_Database" database
2014-04-09T17:19:31.018Z - info: Connected to "IEPA_Database" database
2014-04-09T17:24:23.673Z - info: Connected to "IEPA_Database" database
2014-04-09T17:25:29.294Z - info: Connected to "IEPA_Database" database
2014-04-09T17:26:45.192Z - info: Connected to "IEPA_Database" database
2014-04-09T17:28:14.508Z - info: Connected to "IEPA_Database" database
2014-04-09T18:01:29.158Z - info: Connected to "IEPA_Database" database
2014-04-09T18:01:55.358Z - info: Connected to "IEPA_Database" database
2014-04-09T18:03:45.346Z - info: Connected to "IEPA_Database" database
2014-04-09T20:46:08.343Z - info: Connected to "IEPA_Database" database
2014-04-09T20:46:29.565Z - info: Connected to "IEPA_Database" database
2014-04-10T16:29:28.758Z - info: Connected to "IEPA_Database" database
2014-04-10T16:35:05.536Z - info: Connected to "IEPA_Database" database
2014-04-10T16:38:12.244Z - info: Connected to "IEPA_Database" database
2014-04-10T16:39:56.746Z - info: Connected to "IEPA_Database" database
2014-04-10T16:41:00.995Z - info: Connected to "IEPA_Database" database
2014-04-10T21:22:17.531Z - info: Connected to "IEPA_Database" database
2014-04-10T21:23:22.991Z - info: Connected to "IEPA_Database" database
2014-04-10T21:37:39.281Z - info: Connected to "IEPA_Database" database
2014-04-10T22:09:28.801Z - info: Connected to "IEPA_Database" database
2014-04-15T16:05:15.974Z - info: Connected to "IEPA_Database" database
2014-04-15T16:05:54.664Z - info: Connected to "IEPA_Database" database
2014-04-15T16:07:36.603Z - info: Connected to "IEPA_Database" database
2014-04-15T16:10:32.170Z - info: Connected to "IEPA_Database" database
2014-04-15T16:11:57.068Z - info: Connected to "IEPA_Database" database
2014-04-15T16:21:19.437Z - info: Connected to "IEPA_Database" database
2014-04-15T16:23:41.265Z - info: Connected to "IEPA_Database" database
2014-04-15T16:24:14.830Z - info: Connected to "IEPA_Database" database
2014-04-15T16:24:34.616Z - info: Connected to "IEPA_Database" database
2014-04-15T16:41:34.519Z - info: Connected to "IEPA_Database" database
2014-04-15T16:44:54.632Z - info: Connected to "IEPA_Database" database
2014-04-15T16:45:21.853Z - info: Connected to "IEPA_Database" database
2014-04-15T16:46:09.544Z - info: Connected to "IEPA_Database" database
2014-04-15T16:47:57.806Z - info: Connected to "IEPA_Database" database
2014-04-15T16:50:21.022Z - info: Connected to "IEPA_Database" database
2014-04-15T16:51:50.120Z - info: Connected to "IEPA_Database" database
2014-04-15T16:52:04.997Z - info: Connected to "IEPA_Database" database
2014-04-15T16:53:16.832Z - info: Connected to "IEPA_Database" database
2014-04-15T17:21:44.406Z - info: Connected to "IEPA_Database" database
2014-04-15T17:33:35.002Z - info: Connected to "IEPA_Database" database
2014-04-15T17:34:28.778Z - info: Connected to "IEPA_Database" database
2014-04-15T17:43:14.285Z - info: Connected to "IEPA_Database" database
2014-04-15T17:43:41.810Z - info: Connected to "IEPA_Database" database
2014-04-15T17:44:41.597Z - info: Connected to "IEPA_Database" database
2014-04-15T17:46:10.540Z - info: Connected to "IEPA_Database" database
2014-04-15T17:47:18.513Z - info: Connected to "IEPA_Database" database
2014-04-15T17:47:48.874Z - info: Connected to "IEPA_Database" database
2014-04-15T17:48:10.612Z - info: Connected to "IEPA_Database" database
2014-04-15T17:49:35.694Z - info: Connected to "IEPA_Database" database
2014-04-15T17:50:15.366Z - info: Connected to "IEPA_Database" database
2014-04-15T17:51:57.372Z - info: Connected to "IEPA_Database" database
2014-04-15T17:54:12.974Z - info: Connected to "IEPA_Database" database
2014-04-15T17:55:56.826Z - info: Connected to "IEPA_Database" database
2014-04-15T17:56:47.875Z - info: Connected to "IEPA_Database" database
2014-04-15T17:58:05.991Z - info: Connected to "IEPA_Database" database
2014-04-15T17:58:24.192Z - info: Connected to "IEPA_Database" database
2014-04-15T17:59:29.814Z - info: Connected to "IEPA_Database" database
2014-04-15T18:02:14.316Z - info: Connected to "IEPA_Database" database
2014-04-15T18:03:10.086Z - info: Connected to "IEPA_Database" database
2014-04-15T18:03:56.817Z - info: Connected to "IEPA_Database" database
2014-04-15T18:15:32.576Z - info: Connected to "IEPA_Database" database
2014-04-15T18:16:01.102Z - info: Connected to "IEPA_Database" database
2014-04-15T18:16:16.052Z - info: Connected to "IEPA_Database" database
2014-04-15T18:16:26.175Z - info: Connected to "IEPA_Database" database
2014-04-15T18:17:14.637Z - info: Connected to "IEPA_Database" database
2014-04-15T18:17:49.146Z - info: Connected to "IEPA_Database" database
2014-04-15T18:18:00.483Z - info: Connected to "IEPA_Database" database
2014-04-15T18:18:14.895Z - info: Connected to "IEPA_Database" database
2014-04-15T18:20:44.284Z - info: Connected to "IEPA_Database" database
2014-04-15T18:45:23.404Z - info: Connected to "IEPA_Database" database
2014-04-15T18:46:04.763Z - info: Connected to "IEPA_Database" database
2014-04-15T18:47:06.844Z - info: Connected to "IEPA_Database" database
2014-04-15T18:47:26.368Z - info: Connected to "IEPA_Database" database
2014-04-15T18:48:24.733Z - info: Connected to "IEPA_Database" database
2014-04-15T18:49:05.061Z - info: Connected to "IEPA_Database" database
2014-04-15T18:49:40.777Z - info: Connected to "IEPA_Database" database
2014-04-15T18:55:26.199Z - info: Connected to "IEPA_Database" database
2014-04-15T18:55:47.021Z - info: Connected to "IEPA_Database" database
2014-04-15T18:57:56.851Z - info: Connected to "IEPA_Database" database
2014-04-15T18:58:27.633Z - info: Connected to "IEPA_Database" database
2014-04-15T18:58:47.781Z - info: Connected to "IEPA_Database" database
2014-04-15T18:59:27.489Z - info: Connected to "IEPA_Database" database
2014-04-15T19:00:43.903Z - info: Connected to "IEPA_Database" database
2014-04-15T19:01:53.548Z - info: Connected to "IEPA_Database" database
2014-04-15T20:48:15.110Z - info: Connected to "IEPA_Database" database
2014-04-15T20:48:40.287Z - info: Connected to "IEPA_Database" database
2014-04-15T20:48:57.169Z - info: Connected to "IEPA_Database" database
2014-04-15T20:49:36.018Z - info: Connected to "IEPA_Database" database
2014-04-15T20:49:51.884Z - info: Connected to "IEPA_Database" database
2014-04-15T20:50:06.208Z - info: Connected to "IEPA_Database" database
2014-04-15T20:51:31.043Z - info: Connected to "IEPA_Database" database
2014-04-15T20:52:23.643Z - info: Connected to "IEPA_Database" database
2014-04-15T20:52:50.036Z - info: Connected to "IEPA_Database" database
2014-04-15T20:53:52.074Z - info: Connected to "IEPA_Database" database
2014-04-15T20:55:37.266Z - info: Connected to "IEPA_Database" database
2014-04-15T20:56:05.900Z - info: Connected to "IEPA_Database" database
2014-04-15T20:59:06.296Z - info: Connected to "IEPA_Database" database
2014-04-15T20:59:42.097Z - info: Connected to "IEPA_Database" database
2014-04-15T21:02:06.418Z - info: Connected to "IEPA_Database" database
2014-04-15T21:03:11.733Z - info: Connected to "IEPA_Database" database
2014-04-15T21:04:20.845Z - info: Connected to "IEPA_Database" database
2014-04-15T21:05:06.514Z - info: Connected to "IEPA_Database" database
2014-04-16T16:17:49.977Z - info: Connected to "IEPA_Database" database
